CRITICAL - 2025-06-13 13:14:02 --> Error: Class "CodeIgniter\Controller\BaseController" not found
[Method: GET, Route: profile]
in APPPATH/Controllers/Profile.php on line 8.
 1 SYSTEMPATH/Autoloader/Autoloader.php(316): include_once()
 2 SYSTEMPATH/Autoloader/Autoloader.php(295): CodeIgniter\Autoloader\Autoloader->includeFile('/Users/meadow/Documents/Project/psikologi/app/Controllers/Profile.php')
 3 SYSTEMPATH/Autoloader/Autoloader.php(271): CodeIgniter\Autoloader\Autoloader->loadInNamespace('App\\Controllers\\Profile')
 4 [internal function]: CodeIgniter\Autoloader\Autoloader->loadClass('App\\Controllers\\Profile')
 5 SYSTEMPATH/CodeIgniter.php(885): class_exists('\\App\\Controllers\\Profile', true)
 6 SYSTEMPATH/CodeIgniter.php(494): CodeIgniter\CodeIgniter->startController()
 7 SYSTEMPATH/CodeIgniter.php(354): CodeIgniter\CodeIgniter->handleRequest(null, Object(Config\Cache), false)
 8 SYSTEMPATH/Boot.php(334): CodeIgniter\CodeIgniter->run()
 9 SYSTEMPATH/Boot.php(67): CodeIgniter\Boot::runCodeIgniter(Object(CodeIgniter\CodeIgniter))
10 FCPATH/index.php(59): CodeIgniter\Boot::bootWeb(Object(Config\Paths))
CRITICAL - 2025-06-13 13:21:27 --> ErrorException: Undefined variable $model
[Method: GET, Route: profile/1]
in APPPATH/Controllers/Profile.php on line 18.
 1 APPPATH/Controllers/Profile.php(18): CodeIgniter\Debug\Exceptions->errorHandler(2, 'Undefined variable $model', '/Users/meadow/Documents/Project/psikologi/app/Controllers/Profile.php', 18)
 2 SYSTEMPATH/CodeIgniter.php(933): App\Controllers\Profile->show('1')
 3 SYSTEMPATH/CodeIgniter.php(507): CodeIgniter\CodeIgniter->runController(Object(App\Controllers\Profile))
 4 SYSTEMPATH/CodeIgniter.php(354): CodeIgniter\CodeIgniter->handleRequest(null, Object(Config\Cache), false)
 5 SYSTEMPATH/Boot.php(334): CodeIgniter\CodeIgniter->run()
 6 SYSTEMPATH/Boot.php(67): CodeIgniter\Boot::runCodeIgniter(Object(CodeIgniter\CodeIgniter))
 7 FCPATH/index.php(59): CodeIgniter\Boot::bootWeb(Object(Config\Paths))
CRITICAL - 2025-06-13 13:22:34 --> CodeIgniter\Exceptions\BadMethodCallException: Call to undefined method App\Models\ProfileModel::getDataById
[Method: GET, Route: profile/1]
in SYSTEMPATH/Model.php on line 930.
 1 APPPATH/Controllers/Profile.php(22): CodeIgniter\Model->__call('getDataById', [...])
 2 SYSTEMPATH/CodeIgniter.php(933): App\Controllers\Profile->show('1')
 3 SYSTEMPATH/CodeIgniter.php(507): CodeIgniter\CodeIgniter->runController(Object(App\Controllers\Profile))
 4 SYSTEMPATH/CodeIgniter.php(354): CodeIgniter\CodeIgniter->handleRequest(null, Object(Config\Cache), false)
 5 SYSTEMPATH/Boot.php(334): CodeIgniter\CodeIgniter->run()
 6 SYSTEMPATH/Boot.php(67): CodeIgniter\Boot::runCodeIgniter(Object(CodeIgniter\CodeIgniter))
 7 FCPATH/index.php(59): CodeIgniter\Boot::bootWeb(Object(Config\Paths))
CRITICAL - 2025-06-13 13:23:54 --> CodeIgniter\Exceptions\BadMethodCallException: Call to undefined method App\Models\ProfileModel::getDataById
[Method: GET, Route: profile/1]
in SYSTEMPATH/Model.php on line 930.
 1 APPPATH/Controllers/Profile.php(22): CodeIgniter\Model->__call('getDataById', [...])
 2 SYSTEMPATH/CodeIgniter.php(933): App\Controllers\Profile->show('1')
 3 SYSTEMPATH/CodeIgniter.php(507): CodeIgniter\CodeIgniter->runController(Object(App\Controllers\Profile))
 4 SYSTEMPATH/CodeIgniter.php(354): CodeIgniter\CodeIgniter->handleRequest(null, Object(Config\Cache), false)
 5 SYSTEMPATH/Boot.php(334): CodeIgniter\CodeIgniter->run()
 6 SYSTEMPATH/Boot.php(67): CodeIgniter\Boot::runCodeIgniter(Object(CodeIgniter\CodeIgniter))
 7 FCPATH/index.php(59): CodeIgniter\Boot::bootWeb(Object(Config\Paths))
ERROR - 2025-06-13 13:24:40 --> Error connecting to the database: mysqli_sql_exception: Access denied for user 'mysql'@'localhost' (using password: YES) in /Users/meadow/Documents/Project/psikologi/system/Database/MySQLi/Connection.php:202
Stack trace:
#0 /Users/meadow/Documents/Project/psikologi/system/Database/MySQLi/Connection.php(202): mysqli->real_connect('localhost', 'mysql', '', 'psikologi', 3306, '', 0)
#1 /Users/meadow/Documents/Project/psikologi/system/Database/BaseConnection.php(421): CodeIgniter\Database\MySQLi\Connection->connect(false)
#2 /Users/meadow/Documents/Project/psikologi/system/Database/BaseConnection.php(620): CodeIgniter\Database\BaseConnection->initialize()
#3 /Users/meadow/Documents/Project/psikologi/system/Database/BaseBuilder.php(1649): CodeIgniter\Database\BaseConnection->query('SELECT *\nFROM `...', Array, false)
#4 /Users/meadow/Documents/Project/psikologi/system/Model.php(210): CodeIgniter\Database\BaseBuilder->get()
#5 /Users/meadow/Documents/Project/psikologi/system/BaseModel.php(613): CodeIgniter\Model->doFind(true, '1')
#6 /Users/meadow/Documents/Project/psikologi/app/Controllers/Profile.php(22): CodeIgniter\BaseModel->find('1')
#7 /Users/meadow/Documents/Project/psikologi/system/CodeIgniter.php(933): App\Controllers\Profile->show('1')
#8 /Users/meadow/Documents/Project/psikologi/system/CodeIgniter.php(507): CodeIgniter\CodeIgniter->runController(Object(App\Controllers\Profile))
#9 /Users/meadow/Documents/Project/psikologi/system/CodeIgniter.php(354): CodeIgniter\CodeIgniter->handleRequest(NULL, Object(Config\Cache), false)
#10 /Users/meadow/Documents/Project/psikologi/system/Boot.php(334): CodeIgniter\CodeIgniter->run()
#11 /Users/meadow/Documents/Project/psikologi/system/Boot.php(67): CodeIgniter\Boot::runCodeIgniter(Object(CodeIgniter\CodeIgniter))
#12 /Users/meadow/Documents/Project/psikologi/public/index.php(59): CodeIgniter\Boot::bootWeb(Object(Config\Paths))
#13 {main}

Next CodeIgniter\Database\Exceptions\DatabaseException: Access denied for user '****'@'localhost' (using password: YES) in /Users/meadow/Documents/Project/psikologi/system/Database/MySQLi/Connection.php:246
Stack trace:
#0 /Users/meadow/Documents/Project/psikologi/system/Database/BaseConnection.php(421): CodeIgniter\Database\MySQLi\Connection->connect(false)
#1 /Users/meadow/Documents/Project/psikologi/system/Database/BaseConnection.php(620): CodeIgniter\Database\BaseConnection->initialize()
#2 /Users/meadow/Documents/Project/psikologi/system/Database/BaseBuilder.php(1649): CodeIgniter\Database\BaseConnection->query('SELECT *\nFROM `...', Array, false)
#3 /Users/meadow/Documents/Project/psikologi/system/Model.php(210): CodeIgniter\Database\BaseBuilder->get()
#4 /Users/meadow/Documents/Project/psikologi/system/BaseModel.php(613): CodeIgniter\Model->doFind(true, '1')
#5 /Users/meadow/Documents/Project/psikologi/app/Controllers/Profile.php(22): CodeIgniter\BaseModel->find('1')
#6 /Users/meadow/Documents/Project/psikologi/system/CodeIgniter.php(933): App\Controllers\Profile->show('1')
#7 /Users/meadow/Documents/Project/psikologi/system/CodeIgniter.php(507): CodeIgniter\CodeIgniter->runController(Object(App\Controllers\Profile))
#8 /Users/meadow/Documents/Project/psikologi/system/CodeIgniter.php(354): CodeIgniter\CodeIgniter->handleRequest(NULL, Object(Config\Cache), false)
#9 /Users/meadow/Documents/Project/psikologi/system/Boot.php(334): CodeIgniter\CodeIgniter->run()
#10 /Users/meadow/Documents/Project/psikologi/system/Boot.php(67): CodeIgniter\Boot::runCodeIgniter(Object(CodeIgniter\CodeIgniter))
#11 /Users/meadow/Documents/Project/psikologi/public/index.php(59): CodeIgniter\Boot::bootWeb(Object(Config\Paths))
#12 {main}
CRITICAL - 2025-06-13 13:24:40 --> CodeIgniter\Database\Exceptions\DatabaseException: Unable to connect to the database.
Main connection [MySQLi]: Access denied for user '****'@'localhost' (using password: YES)
[Method: GET, Route: profile/1]
in SYSTEMPATH/Database/BaseConnection.php on line 467.
 1 SYSTEMPATH/Database/BaseConnection.php(620): CodeIgniter\Database\BaseConnection->initialize()
 2 SYSTEMPATH/Database/BaseBuilder.php(1649): CodeIgniter\Database\BaseConnection->query('SELECT *
FROM `pengguna`
WHERE `pengguna`.`id` = :pengguna.id:', [...], false)
 3 SYSTEMPATH/Model.php(210): CodeIgniter\Database\BaseBuilder->get()
 4 SYSTEMPATH/BaseModel.php(613): CodeIgniter\Model->doFind(true, '1')
 5 APPPATH/Controllers/Profile.php(22): CodeIgniter\BaseModel->find('1')
 6 SYSTEMPATH/CodeIgniter.php(933): App\Controllers\Profile->show('1')
 7 SYSTEMPATH/CodeIgniter.php(507): CodeIgniter\CodeIgniter->runController(Object(App\Controllers\Profile))
 8 SYSTEMPATH/CodeIgniter.php(354): CodeIgniter\CodeIgniter->handleRequest(null, Object(Config\Cache), false)
 9 SYSTEMPATH/Boot.php(334): CodeIgniter\CodeIgniter->run()
10 SYSTEMPATH/Boot.php(67): CodeIgniter\Boot::runCodeIgniter(Object(CodeIgniter\CodeIgniter))
11 FCPATH/index.php(59): CodeIgniter\Boot::bootWeb(Object(Config\Paths))
ERROR - 2025-06-13 13:25:31 --> Error connecting to the database: mysqli_sql_exception: Access denied for user 'mysql'@'localhost' (using password: YES) in /Users/meadow/Documents/Project/psikologi/system/Database/MySQLi/Connection.php:202
Stack trace:
#0 /Users/meadow/Documents/Project/psikologi/system/Database/MySQLi/Connection.php(202): mysqli->real_connect('localhost', 'mysql', '080673', 'psikologi', 3306, '', 0)
#1 /Users/meadow/Documents/Project/psikologi/system/Database/BaseConnection.php(421): CodeIgniter\Database\MySQLi\Connection->connect(false)
#2 /Users/meadow/Documents/Project/psikologi/system/Database/BaseConnection.php(620): CodeIgniter\Database\BaseConnection->initialize()
#3 /Users/meadow/Documents/Project/psikologi/system/Database/BaseBuilder.php(1649): CodeIgniter\Database\BaseConnection->query('SELECT *\nFROM `...', Array, false)
#4 /Users/meadow/Documents/Project/psikologi/system/Model.php(210): CodeIgniter\Database\BaseBuilder->get()
#5 /Users/meadow/Documents/Project/psikologi/system/BaseModel.php(613): CodeIgniter\Model->doFind(true, '1')
#6 /Users/meadow/Documents/Project/psikologi/app/Controllers/Profile.php(22): CodeIgniter\BaseModel->find('1')
#7 /Users/meadow/Documents/Project/psikologi/system/CodeIgniter.php(933): App\Controllers\Profile->show('1')
#8 /Users/meadow/Documents/Project/psikologi/system/CodeIgniter.php(507): CodeIgniter\CodeIgniter->runController(Object(App\Controllers\Profile))
#9 /Users/meadow/Documents/Project/psikologi/system/CodeIgniter.php(354): CodeIgniter\CodeIgniter->handleRequest(NULL, Object(Config\Cache), false)
#10 /Users/meadow/Documents/Project/psikologi/system/Boot.php(334): CodeIgniter\CodeIgniter->run()
#11 /Users/meadow/Documents/Project/psikologi/system/Boot.php(67): CodeIgniter\Boot::runCodeIgniter(Object(CodeIgniter\CodeIgniter))
#12 /Users/meadow/Documents/Project/psikologi/public/index.php(59): CodeIgniter\Boot::bootWeb(Object(Config\Paths))
#13 {main}

Next CodeIgniter\Database\Exceptions\DatabaseException: Access denied for user '****'@'localhost' (using password: YES) in /Users/meadow/Documents/Project/psikologi/system/Database/MySQLi/Connection.php:246
Stack trace:
#0 /Users/meadow/Documents/Project/psikologi/system/Database/BaseConnection.php(421): CodeIgniter\Database\MySQLi\Connection->connect(false)
#1 /Users/meadow/Documents/Project/psikologi/system/Database/BaseConnection.php(620): CodeIgniter\Database\BaseConnection->initialize()
#2 /Users/meadow/Documents/Project/psikologi/system/Database/BaseBuilder.php(1649): CodeIgniter\Database\BaseConnection->query('SELECT *\nFROM `...', Array, false)
#3 /Users/meadow/Documents/Project/psikologi/system/Model.php(210): CodeIgniter\Database\BaseBuilder->get()
#4 /Users/meadow/Documents/Project/psikologi/system/BaseModel.php(613): CodeIgniter\Model->doFind(true, '1')
#5 /Users/meadow/Documents/Project/psikologi/app/Controllers/Profile.php(22): CodeIgniter\BaseModel->find('1')
#6 /Users/meadow/Documents/Project/psikologi/system/CodeIgniter.php(933): App\Controllers\Profile->show('1')
#7 /Users/meadow/Documents/Project/psikologi/system/CodeIgniter.php(507): CodeIgniter\CodeIgniter->runController(Object(App\Controllers\Profile))
#8 /Users/meadow/Documents/Project/psikologi/system/CodeIgniter.php(354): CodeIgniter\CodeIgniter->handleRequest(NULL, Object(Config\Cache), false)
#9 /Users/meadow/Documents/Project/psikologi/system/Boot.php(334): CodeIgniter\CodeIgniter->run()
#10 /Users/meadow/Documents/Project/psikologi/system/Boot.php(67): CodeIgniter\Boot::runCodeIgniter(Object(CodeIgniter\CodeIgniter))
#11 /Users/meadow/Documents/Project/psikologi/public/index.php(59): CodeIgniter\Boot::bootWeb(Object(Config\Paths))
#12 {main}
CRITICAL - 2025-06-13 13:25:31 --> CodeIgniter\Database\Exceptions\DatabaseException: Unable to connect to the database.
Main connection [MySQLi]: Access denied for user '****'@'localhost' (using password: YES)
[Method: GET, Route: profile/1]
in SYSTEMPATH/Database/BaseConnection.php on line 467.
 1 SYSTEMPATH/Database/BaseConnection.php(620): CodeIgniter\Database\BaseConnection->initialize()
 2 SYSTEMPATH/Database/BaseBuilder.php(1649): CodeIgniter\Database\BaseConnection->query('SELECT *
FROM `pengguna`
WHERE `pengguna`.`id` = :pengguna.id:', [...], false)
 3 SYSTEMPATH/Model.php(210): CodeIgniter\Database\BaseBuilder->get()
 4 SYSTEMPATH/BaseModel.php(613): CodeIgniter\Model->doFind(true, '1')
 5 APPPATH/Controllers/Profile.php(22): CodeIgniter\BaseModel->find('1')
 6 SYSTEMPATH/CodeIgniter.php(933): App\Controllers\Profile->show('1')
 7 SYSTEMPATH/CodeIgniter.php(507): CodeIgniter\CodeIgniter->runController(Object(App\Controllers\Profile))
 8 SYSTEMPATH/CodeIgniter.php(354): CodeIgniter\CodeIgniter->handleRequest(null, Object(Config\Cache), false)
 9 SYSTEMPATH/Boot.php(334): CodeIgniter\CodeIgniter->run()
10 SYSTEMPATH/Boot.php(67): CodeIgniter\Boot::runCodeIgniter(Object(CodeIgniter\CodeIgniter))
11 FCPATH/index.php(59): CodeIgniter\Boot::bootWeb(Object(Config\Paths))
CRITICAL - 2025-06-13 13:29:30 --> Error: Call to undefined method App\Controllers\Profile::respond()
[Method: GET, Route: profile/1]
in APPPATH/Controllers/Profile.php on line 23.
 1 SYSTEMPATH/CodeIgniter.php(933): App\Controllers\Profile->show('1')
 2 SYSTEMPATH/CodeIgniter.php(507): CodeIgniter\CodeIgniter->runController(Object(App\Controllers\Profile))
 3 SYSTEMPATH/CodeIgniter.php(354): CodeIgniter\CodeIgniter->handleRequest(null, Object(Config\Cache), false)
 4 SYSTEMPATH/Boot.php(334): CodeIgniter\CodeIgniter->run()
 5 SYSTEMPATH/Boot.php(67): CodeIgniter\Boot::runCodeIgniter(Object(CodeIgniter\CodeIgniter))
 6 FCPATH/index.php(59): CodeIgniter\Boot::bootWeb(Object(Config\Paths))
CRITICAL - 2025-06-13 13:30:46 --> Error: Class "App\Controllers\ResourceController" not found
[Method: GET, Route: profile/1]
in APPPATH/Controllers/Profile.php on line 8.
 1 SYSTEMPATH/Autoloader/Autoloader.php(316): include_once()
 2 SYSTEMPATH/Autoloader/Autoloader.php(295): CodeIgniter\Autoloader\Autoloader->includeFile('/Users/meadow/Documents/Project/psikologi/app/Controllers/Profile.php')
 3 SYSTEMPATH/Autoloader/Autoloader.php(271): CodeIgniter\Autoloader\Autoloader->loadInNamespace('App\\Controllers\\Profile')
 4 [internal function]: CodeIgniter\Autoloader\Autoloader->loadClass('App\\Controllers\\Profile')
 5 SYSTEMPATH/CodeIgniter.php(885): class_exists('\\App\\Controllers\\Profile', true)
 6 SYSTEMPATH/CodeIgniter.php(494): CodeIgniter\CodeIgniter->startController()
 7 SYSTEMPATH/CodeIgniter.php(354): CodeIgniter\CodeIgniter->handleRequest(null, Object(Config\Cache), false)
 8 SYSTEMPATH/Boot.php(334): CodeIgniter\CodeIgniter->run()
 9 SYSTEMPATH/Boot.php(67): CodeIgniter\Boot::runCodeIgniter(Object(CodeIgniter\CodeIgniter))
10 FCPATH/index.php(59): CodeIgniter\Boot::bootWeb(Object(Config\Paths))
CRITICAL - 2025-06-13 14:25:26 --> ParseError: syntax error, unexpected end of file
[Method: GET, Route: profil]
in APPPATH/Config/Routes.php on line 16.
 1 SYSTEMPATH/CodeIgniter.php(821): CodeIgniter\Router\RouteCollection->loadRoutes()
 2 SYSTEMPATH/CodeIgniter.php(455): CodeIgniter\CodeIgniter->tryToRouteIt(null)
 3 SYSTEMPATH/CodeIgniter.php(354): CodeIgniter\CodeIgniter->handleRequest(null, Object(Config\Cache), false)
 4 SYSTEMPATH/Boot.php(334): CodeIgniter\CodeIgniter->run()
 5 SYSTEMPATH/Boot.php(67): CodeIgniter\Boot::runCodeIgniter(Object(CodeIgniter\CodeIgniter))
 6 FCPATH/index.php(59): CodeIgniter\Boot::bootWeb(Object(Config\Paths))
CRITICAL - 2025-06-13 14:25:28 --> ParseError: syntax error, unexpected end of file
[Method: GET, Route: question]
in APPPATH/Config/Routes.php on line 16.
 1 SYSTEMPATH/CodeIgniter.php(821): CodeIgniter\Router\RouteCollection->loadRoutes()
 2 SYSTEMPATH/CodeIgniter.php(455): CodeIgniter\CodeIgniter->tryToRouteIt(null)
 3 SYSTEMPATH/CodeIgniter.php(354): CodeIgniter\CodeIgniter->handleRequest(null, Object(Config\Cache), false)
 4 SYSTEMPATH/Boot.php(334): CodeIgniter\CodeIgniter->run()
 5 SYSTEMPATH/Boot.php(67): CodeIgniter\Boot::runCodeIgniter(Object(CodeIgniter\CodeIgniter))
 6 FCPATH/index.php(59): CodeIgniter\Boot::bootWeb(Object(Config\Paths))
CRITICAL - 2025-06-13 14:26:45 --> ParseError: syntax error, unexpected token "isset", expecting "("
[Method: GET, Route: question]
in APPPATH/Views/view_test.php on line 10.
 1 SYSTEMPATH/View/View.php(227): CodeIgniter\View\View->CodeIgniter\View\{closure}()
 2 SYSTEMPATH/Common.php(1173): CodeIgniter\View\View->render('view_test', [], true)
 3 APPPATH/Controllers/Question.php(19): view('view_test', [...])
 4 SYSTEMPATH/CodeIgniter.php(933): App\Controllers\Question->index()
 5 SYSTEMPATH/CodeIgniter.php(507): CodeIgniter\CodeIgniter->runController(Object(App\Controllers\Question))
 6 SYSTEMPATH/CodeIgniter.php(354): CodeIgniter\CodeIgniter->handleRequest(null, Object(Config\Cache), false)
 7 SYSTEMPATH/Boot.php(334): CodeIgniter\CodeIgniter->run()
 8 SYSTEMPATH/Boot.php(67): CodeIgniter\Boot::runCodeIgniter(Object(CodeIgniter\CodeIgniter))
 9 FCPATH/index.php(59): CodeIgniter\Boot::bootWeb(Object(Config\Paths))
